<?xml version="1.0" encoding="UTF-8"?>
<!-- Generated by org.testng.reporters.JUnitXMLReporter -->
<testsuite hostname="MacBook-Pro-de-Michaux.local" name="Default test" tests="40" failures="0" timestamp="12 Aug 2012 06:11:39 GMT" time="0.151" errors="0">
  <testcase name="testFormats" time="0.061" classname="satori.jersey.i18n.TranslationTest"/>
  <testcase name="testFormats" time="0.061" classname="satori.jersey.i18n.TranslationTest"/>
  <testcase name="testFormats" time="0.061" classname="satori.jersey.i18n.TranslationTest"/>
  <testcase name="testFormats" time="0.061" classname="satori.jersey.i18n.TranslationTest"/>
  <testcase name="testFormats" time="0.061" classname="satori.jersey.i18n.TranslationTest"/>
  <testcase name="testFormats" time="0.061" classname="satori.jersey.i18n.TranslationTest"/>
  <testcase name="testFormats" time="0.062" classname="satori.jersey.i18n.TranslationTest"/>
  <testcase name="testFormats" time="0.062" classname="satori.jersey.i18n.TranslationTest"/>
  <testcase name="testFormats" time="0.062" classname="satori.jersey.i18n.TranslationTest"/>
  <testcase name="testFormats" time="0.062" classname="satori.jersey.i18n.TranslationTest"/>
  <testcase name="testFormatsExt" time="0.0010" classname="satori.jersey.i18n.TranslationTest"/>
  <testcase name="testFormatsExt" time="0.0010" classname="satori.jersey.i18n.TranslationTest"/>
  <testcase name="testFormatsExt" time="0.0010" classname="satori.jersey.i18n.TranslationTest"/>
  <testcase name="testFormatsExt" time="0.0050" classname="satori.jersey.i18n.TranslationTest"/>
  <testcase name="testFormatsExt" time="0.0020" classname="satori.jersey.i18n.TranslationTest"/>
  <testcase name="testFormatsExt" time="0.0010" classname="satori.jersey.i18n.TranslationTest"/>
  <testcase name="testFormatsExt" time="0.0020" classname="satori.jersey.i18n.TranslationTest"/>
  <testcase name="testFormatsExt" time="0.0030" classname="satori.jersey.i18n.TranslationTest"/>
  <testcase name="testFormatsExt" time="0.0030" classname="satori.jersey.i18n.TranslationTest"/>
  <testcase name="testFormatsExt" time="0.0030" classname="satori.jersey.i18n.TranslationTest"/>
  <testcase name="testFormatsUniversal" time="0.0020" classname="satori.jersey.i18n.TranslationTest"/>
  <testcase name="testFormatsUniversal" time="0.0020" classname="satori.jersey.i18n.TranslationTest"/>
  <testcase name="testFormatsUniversal" time="0.0030" classname="satori.jersey.i18n.TranslationTest"/>
  <testcase name="testFormatsUniversal" time="0.0020" classname="satori.jersey.i18n.TranslationTest"/>
  <testcase name="testFormatsUniversal" time="0.0020" classname="satori.jersey.i18n.TranslationTest"/>
  <testcase name="testFormatsUniversal" time="0.0010" classname="satori.jersey.i18n.TranslationTest"/>
  <testcase name="testFormatsUniversal" time="0.0020" classname="satori.jersey.i18n.TranslationTest"/>
  <testcase name="testFormatsUniversal" time="0.0030" classname="satori.jersey.i18n.TranslationTest"/>
  <testcase name="testFormatsUniversal" time="0.0020" classname="satori.jersey.i18n.TranslationTest"/>
  <testcase name="testFormatsUniversal" time="0.0030" classname="satori.jersey.i18n.TranslationTest"/>
  <testcase name="testMessages" time="0.015" classname="satori.jersey.i18n.TranslationTest"/>
  <testcase name="testMessages" time="0.0080" classname="satori.jersey.i18n.TranslationTest"/>
  <testcase name="testMessages" time="0.011" classname="satori.jersey.i18n.TranslationTest"/>
  <testcase name="testMessages" time="0.0080" classname="satori.jersey.i18n.TranslationTest"/>
  <testcase name="testMessages" time="0.014" classname="satori.jersey.i18n.TranslationTest"/>
  <testcase name="testMessages" time="0.016" classname="satori.jersey.i18n.TranslationTest"/>
  <testcase name="testMessages" time="0.011" classname="satori.jersey.i18n.TranslationTest"/>
  <testcase name="testMessages" time="0.01" classname="satori.jersey.i18n.TranslationTest"/>
  <testcase name="testMessages" time="0.01" classname="satori.jersey.i18n.TranslationTest"/>
  <testcase name="testMessages" time="0.0090" classname="satori.jersey.i18n.TranslationTest"/>
</testsuite>
