<?xml version="1.0" encoding="UTF-8"?>
<testng-results skipped="0" failed="0" total="40" passed="40">
  <reporter-output>
  </reporter-output>
  <suite name="Default suite" duration-ms="151" started-at="2012-08-12T08:11:39Z" finished-at="2012-08-12T08:11:39Z">
    <groups>
    </groups>
    <test name="Default test" duration-ms="151" started-at="2012-08-12T08:11:39Z" finished-at="2012-08-12T08:11:39Z">
      <class name="satori.jersey.i18n.TranslationTest">
        <test-method status="PASS" signature="testFormats()[pri:0, instance:satori.jersey.i18n.TranslationTest@5567d7fb]" name="testFormats" duration-ms="61" started-at="2012-08-12T08:11:39Z" finished-at="2012-08-12T08:11:39Z">
        </test-method>
        <test-method status="PASS" signature="testFormats()[pri:0, instance:satori.jersey.i18n.TranslationTest@5567d7fb]" name="testFormats" duration-ms="61" started-at="2012-08-12T08:11:39Z" finished-at="2012-08-12T08:11:39Z">
        </test-method>
        <test-method status="PASS" signature="testFormats()[pri:0, instance:satori.jersey.i18n.TranslationTest@5567d7fb]" name="testFormats" duration-ms="62" started-at="2012-08-12T08:11:39Z" finished-at="2012-08-12T08:11:39Z">
        </test-method>
        <test-method status="PASS" signature="testFormats()[pri:0, instance:satori.jersey.i18n.TranslationTest@5567d7fb]" name="testFormats" duration-ms="61" started-at="2012-08-12T08:11:39Z" finished-at="2012-08-12T08:11:39Z">
        </test-method>
        <test-method status="PASS" signature="testFormats()[pri:0, instance:satori.jersey.i18n.TranslationTest@5567d7fb]" name="testFormats" duration-ms="61" started-at="2012-08-12T08:11:39Z" finished-at="2012-08-12T08:11:39Z">
        </test-method>
        <test-method status="PASS" signature="testFormats()[pri:0, instance:satori.jersey.i18n.TranslationTest@5567d7fb]" name="testFormats" duration-ms="62" started-at="2012-08-12T08:11:39Z" finished-at="2012-08-12T08:11:39Z">
        </test-method>
        <test-method status="PASS" signature="testFormats()[pri:0, instance:satori.jersey.i18n.TranslationTest@5567d7fb]" name="testFormats" duration-ms="62" started-at="2012-08-12T08:11:39Z" finished-at="2012-08-12T08:11:39Z">
        </test-method>
        <test-method status="PASS" signature="testFormats()[pri:0, instance:satori.jersey.i18n.TranslationTest@5567d7fb]" name="testFormats" duration-ms="62" started-at="2012-08-12T08:11:39Z" finished-at="2012-08-12T08:11:39Z">
        </test-method>
        <test-method status="PASS" signature="testFormats()[pri:0, instance:satori.jersey.i18n.TranslationTest@5567d7fb]" name="testFormats" duration-ms="61" started-at="2012-08-12T08:11:39Z" finished-at="2012-08-12T08:11:39Z">
        </test-method>
        <test-method status="PASS" signature="testFormats()[pri:0, instance:satori.jersey.i18n.TranslationTest@5567d7fb]" name="testFormats" duration-ms="61" started-at="2012-08-12T08:11:39Z" finished-at="2012-08-12T08:11:39Z">
        </test-method>
        <test-method status="PASS" signature="testFormatsExt()[pri:0, instance:satori.jersey.i18n.TranslationTest@5567d7fb]" name="testFormatsExt" duration-ms="5" started-at="2012-08-12T08:11:39Z" finished-at="2012-08-12T08:11:39Z">
        </test-method>
        <test-method status="PASS" signature="testFormatsExt()[pri:0, instance:satori.jersey.i18n.TranslationTest@5567d7fb]" name="testFormatsExt" duration-ms="1" started-at="2012-08-12T08:11:39Z" finished-at="2012-08-12T08:11:39Z">
        </test-method>
        <test-method status="PASS" signature="testFormatsExt()[pri:0, instance:satori.jersey.i18n.TranslationTest@5567d7fb]" name="testFormatsExt" duration-ms="1" started-at="2012-08-12T08:11:39Z" finished-at="2012-08-12T08:11:39Z">
        </test-method>
        <test-method status="PASS" signature="testFormatsExt()[pri:0, instance:satori.jersey.i18n.TranslationTest@5567d7fb]" name="testFormatsExt" duration-ms="2" started-at="2012-08-12T08:11:39Z" finished-at="2012-08-12T08:11:39Z">
        </test-method>
        <test-method status="PASS" signature="testFormatsExt()[pri:0, instance:satori.jersey.i18n.TranslationTest@5567d7fb]" name="testFormatsExt" duration-ms="1" started-at="2012-08-12T08:11:39Z" finished-at="2012-08-12T08:11:39Z">
        </test-method>
        <test-method status="PASS" signature="testFormatsExt()[pri:0, instance:satori.jersey.i18n.TranslationTest@5567d7fb]" name="testFormatsExt" duration-ms="3" started-at="2012-08-12T08:11:39Z" finished-at="2012-08-12T08:11:39Z">
        </test-method>
        <test-method status="PASS" signature="testFormatsExt()[pri:0, instance:satori.jersey.i18n.TranslationTest@5567d7fb]" name="testFormatsExt" duration-ms="2" started-at="2012-08-12T08:11:39Z" finished-at="2012-08-12T08:11:39Z">
        </test-method>
        <test-method status="PASS" signature="testFormatsExt()[pri:0, instance:satori.jersey.i18n.TranslationTest@5567d7fb]" name="testFormatsExt" duration-ms="3" started-at="2012-08-12T08:11:39Z" finished-at="2012-08-12T08:11:39Z">
        </test-method>
        <test-method status="PASS" signature="testFormatsExt()[pri:0, instance:satori.jersey.i18n.TranslationTest@5567d7fb]" name="testFormatsExt" duration-ms="3" started-at="2012-08-12T08:11:39Z" finished-at="2012-08-12T08:11:39Z">
        </test-method>
        <test-method status="PASS" signature="testFormatsExt()[pri:0, instance:satori.jersey.i18n.TranslationTest@5567d7fb]" name="testFormatsExt" duration-ms="1" started-at="2012-08-12T08:11:39Z" finished-at="2012-08-12T08:11:39Z">
        </test-method>
        <test-method status="PASS" signature="testFormatsUniversal()[pri:0, instance:satori.jersey.i18n.TranslationTest@5567d7fb]" name="testFormatsUniversal" duration-ms="2" started-at="2012-08-12T08:11:39Z" finished-at="2012-08-12T08:11:39Z">
        </test-method>
        <test-method status="PASS" signature="testFormatsUniversal()[pri:0, instance:satori.jersey.i18n.TranslationTest@5567d7fb]" name="testFormatsUniversal" duration-ms="2" started-at="2012-08-12T08:11:39Z" finished-at="2012-08-12T08:11:39Z">
        </test-method>
        <test-method status="PASS" signature="testFormatsUniversal()[pri:0, instance:satori.jersey.i18n.TranslationTest@5567d7fb]" name="testFormatsUniversal" duration-ms="3" started-at="2012-08-12T08:11:39Z" finished-at="2012-08-12T08:11:39Z">
        </test-method>
        <test-method status="PASS" signature="testFormatsUniversal()[pri:0, instance:satori.jersey.i18n.TranslationTest@5567d7fb]" name="testFormatsUniversal" duration-ms="2" started-at="2012-08-12T08:11:39Z" finished-at="2012-08-12T08:11:39Z">
        </test-method>
        <test-method status="PASS" signature="testFormatsUniversal()[pri:0, instance:satori.jersey.i18n.TranslationTest@5567d7fb]" name="testFormatsUniversal" duration-ms="2" started-at="2012-08-12T08:11:39Z" finished-at="2012-08-12T08:11:39Z">
        </test-method>
        <test-method status="PASS" signature="testFormatsUniversal()[pri:0, instance:satori.jersey.i18n.TranslationTest@5567d7fb]" name="testFormatsUniversal" duration-ms="3" started-at="2012-08-12T08:11:39Z" finished-at="2012-08-12T08:11:39Z">
        </test-method>
        <test-method status="PASS" signature="testFormatsUniversal()[pri:0, instance:satori.jersey.i18n.TranslationTest@5567d7fb]" name="testFormatsUniversal" duration-ms="2" started-at="2012-08-12T08:11:39Z" finished-at="2012-08-12T08:11:39Z">
        </test-method>
        <test-method status="PASS" signature="testFormatsUniversal()[pri:0, instance:satori.jersey.i18n.TranslationTest@5567d7fb]" name="testFormatsUniversal" duration-ms="1" started-at="2012-08-12T08:11:39Z" finished-at="2012-08-12T08:11:39Z">
        </test-method>
        <test-method status="PASS" signature="testFormatsUniversal()[pri:0, instance:satori.jersey.i18n.TranslationTest@5567d7fb]" name="testFormatsUniversal" duration-ms="2" started-at="2012-08-12T08:11:39Z" finished-at="2012-08-12T08:11:39Z">
        </test-method>
        <test-method status="PASS" signature="testFormatsUniversal()[pri:0, instance:satori.jersey.i18n.TranslationTest@5567d7fb]" name="testFormatsUniversal" duration-ms="3" started-at="2012-08-12T08:11:39Z" finished-at="2012-08-12T08:11:39Z">
        </test-method>
        <test-method status="PASS" signature="testMessages()[pri:0, instance:satori.jersey.i18n.TranslationTest@5567d7fb]" name="testMessages" duration-ms="15" started-at="2012-08-12T08:11:39Z" finished-at="2012-08-12T08:11:39Z">
        </test-method>
        <test-method status="PASS" signature="testMessages()[pri:0, instance:satori.jersey.i18n.TranslationTest@5567d7fb]" name="testMessages" duration-ms="16" started-at="2012-08-12T08:11:39Z" finished-at="2012-08-12T08:11:39Z">
        </test-method>
        <test-method status="PASS" signature="testMessages()[pri:0, instance:satori.jersey.i18n.TranslationTest@5567d7fb]" name="testMessages" duration-ms="14" started-at="2012-08-12T08:11:39Z" finished-at="2012-08-12T08:11:39Z">
        </test-method>
        <test-method status="PASS" signature="testMessages()[pri:0, instance:satori.jersey.i18n.TranslationTest@5567d7fb]" name="testMessages" duration-ms="11" started-at="2012-08-12T08:11:39Z" finished-at="2012-08-12T08:11:39Z">
        </test-method>
        <test-method status="PASS" signature="testMessages()[pri:0, instance:satori.jersey.i18n.TranslationTest@5567d7fb]" name="testMessages" duration-ms="11" started-at="2012-08-12T08:11:39Z" finished-at="2012-08-12T08:11:39Z">
        </test-method>
        <test-method status="PASS" signature="testMessages()[pri:0, instance:satori.jersey.i18n.TranslationTest@5567d7fb]" name="testMessages" duration-ms="10" started-at="2012-08-12T08:11:39Z" finished-at="2012-08-12T08:11:39Z">
        </test-method>
        <test-method status="PASS" signature="testMessages()[pri:0, instance:satori.jersey.i18n.TranslationTest@5567d7fb]" name="testMessages" duration-ms="10" started-at="2012-08-12T08:11:39Z" finished-at="2012-08-12T08:11:39Z">
        </test-method>
        <test-method status="PASS" signature="testMessages()[pri:0, instance:satori.jersey.i18n.TranslationTest@5567d7fb]" name="testMessages" duration-ms="9" started-at="2012-08-12T08:11:39Z" finished-at="2012-08-12T08:11:39Z">
        </test-method>
        <test-method status="PASS" signature="testMessages()[pri:0, instance:satori.jersey.i18n.TranslationTest@5567d7fb]" name="testMessages" duration-ms="8" started-at="2012-08-12T08:11:39Z" finished-at="2012-08-12T08:11:39Z">
        </test-method>
        <test-method status="PASS" signature="testMessages()[pri:0, instance:satori.jersey.i18n.TranslationTest@5567d7fb]" name="testMessages" duration-ms="8" started-at="2012-08-12T08:11:39Z" finished-at="2012-08-12T08:11:39Z">
        </test-method>
      </class>
    </test>
  </suite>
</testng-results>
